app/build/intermediates/manifest_merge_blame_file/debug/manifest-merger-blame-debug-report.txt
1<?xml version="1.0" encoding="utf-8"?>
2<manifest xmlns:android="http://schemas.android.com/apk/res/android"
3    package="com.yrc.pos"
4    android:versionCode="1"
5    android:versionName="1.0" >
6
7    <uses-sdk
8        android:minSdkVersion="19"
8-->src\main\AndroidManifest.xml
9        android:targetSdkVersion="28" />
9-->src\main\AndroidManifest.xml
10
11    <uses-permission android:name="android.permission.INTERNET" />
11-->src\main\AndroidManifest.xml:6:5-67
11-->src\main\AndroidManifest.xml:6:22-64
12    <uses-permission android:name="android.permission.CALL_PHONE" />
12-->src\main\AndroidManifest.xml:7:5-69
12-->src\main\AndroidManifest.xml:7:22-66
13    <uses-permission android:name="android.permission.ACCESS_NETWORK_STATE" />
13-->src\main\AndroidManifest.xml:8:5-79
13-->src\main\AndroidManifest.xml:8:22-76
14    <uses-permission android:name="android.permission.ACCESS_FINE_LOCATION" />
14-->src\main\AndroidManifest.xml:9:5-79
14-->src\main\AndroidManifest.xml:9:22-76
15    <uses-permission android:name="android.permission.ACCESS_COARSE_LOCATION" />
15-->src\main\AndroidManifest.xml:10:5-81
15-->src\main\AndroidManifest.xml:10:22-78
16    <uses-permission android:name="com.pax.permission.PRINTER" />
16-->src\main\AndroidManifest.xml:11:5-66
16-->src\main\AndroidManifest.xml:11:22-63
17    <uses-permission android:name="android.permission.CHANGE_WIFI_STATE" />
17-->[com.github.mumayank:AirLocation:1.3] AndroidManifest.xml:14:5-76
17-->[com.github.mumayank:AirLocation:1.3] AndroidManifest.xml:14:22-73
18
19    <application
19-->src\main\AndroidManifest.xml:13:5-97:19
20        android:name="com.yrc.pos.core.YrcApplication"
20-->src\main\AndroidManifest.xml:14:9-55
21        android:allowBackup="true"
21-->src\main\AndroidManifest.xml:15:9-35
22        android:appComponentFactory="androidx.core.app.CoreComponentFactory"
22-->[androidx.core:core:1.3.0] AndroidManifest.xml:24:18-86
23        android:debuggable="true"
24        android:icon="@mipmap/ic_launcher"
24-->src\main\AndroidManifest.xml:16:9-43
25        android:label="@string/app_name"
25-->src\main\AndroidManifest.xml:17:9-41
26        android:roundIcon="@mipmap/ic_launcher_round"
26-->src\main\AndroidManifest.xml:18:9-54
27        android:supportsRtl="true"
27-->src\main\AndroidManifest.xml:19:9-35
28        android:testOnly="true"
29        android:theme="@style/AppTheme"
29-->src\main\AndroidManifest.xml:20:9-40
30        android:usesCleartextTraffic="true" >
30-->src\main\AndroidManifest.xml:21:9-44
31        <activity
31-->src\main\AndroidManifest.xml:23:9-34:20
32            android:name="com.yrc.pos.features.splash.SplashActivity"
32-->src\main\AndroidManifest.xml:24:13-70
33            android:screenOrientation="fullSensor"
33-->src\main\AndroidManifest.xml:25:13-51
34            android:theme="@style/NoActionBar" >
34-->src\main\AndroidManifest.xml:26:13-47
35            <intent-filter>
35-->src\main\AndroidManifest.xml:27:13-33:29
36                <action android:name="android.intent.action.MAIN" />
36-->src\main\AndroidManifest.xml:28:17-69
36-->src\main\AndroidManifest.xml:28:25-66
37
38                <category android:name="android.intent.category.LAUNCHER" />
38-->src\main\AndroidManifest.xml:30:17-77
38-->src\main\AndroidManifest.xml:30:27-74
39                <category android:name="android.intent.category.HOME" />
39-->src\main\AndroidManifest.xml:31:17-73
39-->src\main\AndroidManifest.xml:31:27-70
40                <category android:name="android.intent.category.DEFAULT" />
40-->src\main\AndroidManifest.xml:32:17-76
40-->src\main\AndroidManifest.xml:32:27-73
41            </intent-filter>
42        </activity>
43        <activity
43-->src\main\AndroidManifest.xml:35:9-39:57
44            android:name="com.yrc.pos.features.login.LoginActivity"
44-->src\main\AndroidManifest.xml:36:13-68
45            android:screenOrientation="fullSensor"
45-->src\main\AndroidManifest.xml:37:13-51
46            android:theme="@style/NoActionBar"
46-->src\main\AndroidManifest.xml:38:13-47
47            android:windowSoftInputMode="stateHidden" />
47-->src\main\AndroidManifest.xml:39:13-54
48        <activity
48-->src\main\AndroidManifest.xml:40:9-44:57
49            android:name="com.yrc.pos.features.signup.SignupActivity"
49-->src\main\AndroidManifest.xml:41:13-70
50            android:screenOrientation="fullSensor"
50-->src\main\AndroidManifest.xml:42:13-51
51            android:theme="@style/NoActionBar"
51-->src\main\AndroidManifest.xml:43:13-47
52            android:windowSoftInputMode="stateHidden" />
52-->src\main\AndroidManifest.xml:44:13-54
53        <activity
53-->src\main\AndroidManifest.xml:45:9-49:57
54            android:name="com.yrc.pos.features.signup.HelloUserActivity"
54-->src\main\AndroidManifest.xml:46:13-73
55            android:screenOrientation="fullSensor"
55-->src\main\AndroidManifest.xml:47:13-51
56            android:theme="@style/NoActionBar"
56-->src\main\AndroidManifest.xml:48:13-47
57            android:windowSoftInputMode="stateHidden" />
57-->src\main\AndroidManifest.xml:49:13-54
58        <activity
58-->src\main\AndroidManifest.xml:50:9-54:57
59            android:name="com.yrc.pos.features.forget_password.ForgetPasswordActivity"
59-->src\main\AndroidManifest.xml:51:13-87
60            android:screenOrientation="fullSensor"
60-->src\main\AndroidManifest.xml:52:13-51
61            android:theme="@style/NoActionBar"
61-->src\main\AndroidManifest.xml:53:13-47
62            android:windowSoftInputMode="stateHidden" />
62-->src\main\AndroidManifest.xml:54:13-54
63        <activity
63-->src\main\AndroidManifest.xml:55:9-58:50
64            android:name="com.yrc.pos.features.forget_password.PasswordResetStatusActivity"
64-->src\main\AndroidManifest.xml:56:13-92
65            android:screenOrientation="fullSensor"
65-->src\main\AndroidManifest.xml:57:13-51
66            android:theme="@style/NoActionBar" />
66-->src\main\AndroidManifest.xml:58:13-47
67        <activity
67-->src\main\AndroidManifest.xml:59:9-63:57
68            android:name="com.yrc.pos.features.forget_password.NewPasswordActivity"
68-->src\main\AndroidManifest.xml:60:13-84
69            android:screenOrientation="fullSensor"
69-->src\main\AndroidManifest.xml:61:13-51
70            android:theme="@style/NoActionBar"
70-->src\main\AndroidManifest.xml:62:13-47
71            android:windowSoftInputMode="stateHidden" />
71-->src\main\AndroidManifest.xml:63:13-54
72        <activity
72-->src\main\AndroidManifest.xml:64:9-67:55
73            android:name="com.yrc.pos.features.dashboard.DashboardActivity"
73-->src\main\AndroidManifest.xml:65:13-76
74            android:screenOrientation="fullSensor"
74-->src\main\AndroidManifest.xml:66:13-51
75            android:windowSoftInputMode="adjustPan" />
75-->src\main\AndroidManifest.xml:67:13-52
76        <activity
76-->src\main\AndroidManifest.xml:68:9-70:54
77            android:name="com.yrc.pos.core.YrcFrameActivity"
77-->src\main\AndroidManifest.xml:69:13-61
78            android:screenOrientation="fullSensor" />
78-->src\main\AndroidManifest.xml:70:13-51
79        <activity
79-->src\main\AndroidManifest.xml:71:9-74:55
80            android:name="com.yrc.pos.features.enclosure_g_and_p.EnclosureGandPPrintingActivity"
80-->src\main\AndroidManifest.xml:72:13-97
81            android:screenOrientation="fullSensor"
81-->src\main\AndroidManifest.xml:73:13-51
82            android:windowSoftInputMode="adjustPan" />
82-->src\main\AndroidManifest.xml:74:13-52
83        <activity
83-->src\main\AndroidManifest.xml:75:9-78:55
84            android:name="com.yrc.pos.features.enclosure_clock_tower.EnclosureClockTowerPrintingActivity"
84-->src\main\AndroidManifest.xml:76:13-106
85            android:screenOrientation="fullSensor"
85-->src\main\AndroidManifest.xml:77:13-51
86            android:windowSoftInputMode="adjustPan" />
86-->src\main\AndroidManifest.xml:78:13-52
87
88        <receiver android:name="com.yrc.pos.core.receiver.StartReceiver" >
88-->src\main\AndroidManifest.xml:80:9-86:20
88-->src\main\AndroidManifest.xml:80:19-62
89            <intent-filter android:priority="996" >
89-->src\main\AndroidManifest.xml:81:13-85:29
89-->src\main\AndroidManifest.xml:81:28-50
90                <action android:name="android.intent.action.BOOT_COMPLETED" />
90-->src\main\AndroidManifest.xml:82:17-79
90-->src\main\AndroidManifest.xml:82:25-76
91
92                <category android:name="android.intent.category.LAUNCHER" />
92-->src\main\AndroidManifest.xml:30:17-77
92-->src\main\AndroidManifest.xml:30:27-74
93            </intent-filter>
94        </receiver>
95        <receiver
95-->src\main\AndroidManifest.xml:87:9-96:20
96            android:name="com.yrc.pos.core.receiver.BootUpReceiver"
96-->src\main\AndroidManifest.xml:88:13-57
97            android:enabled="true"
97-->src\main\AndroidManifest.xml:89:13-35
98            android:permission="android.permission.RECEIVE_BOOT_COMPLETED" >
98-->src\main\AndroidManifest.xml:90:13-75
99            <intent-filter>
99-->src\main\AndroidManifest.xml:92:13-95:29
100                <action android:name="android.intent.action.BOOT_COMPLETED" />
100-->src\main\AndroidManifest.xml:82:17-79
100-->src\main\AndroidManifest.xml:82:25-76
101
102                <category android:name="android.intent.category.DEFAULT" />
102-->src\main\AndroidManifest.xml:32:17-76
102-->src\main\AndroidManifest.xml:32:27-73
103            </intent-filter>
104        </receiver>
105
106        <activity
106-->[com.google.android.gms:play-services-auth:18.0.0] AndroidManifest.xml:23:9-27:75
107            android:name="com.google.android.gms.auth.api.signin.internal.SignInHubActivity"
107-->[com.google.android.gms:play-services-auth:18.0.0] AndroidManifest.xml:24:13-93
108            android:excludeFromRecents="true"
108-->[com.google.android.gms:play-services-auth:18.0.0] AndroidManifest.xml:25:13-46
109            android:exported="false"
109-->[com.google.android.gms:play-services-auth:18.0.0] AndroidManifest.xml:26:13-37
110            android:theme="@android:style/Theme.Translucent.NoTitleBar" />
110-->[com.google.android.gms:play-services-auth:18.0.0] AndroidManifest.xml:27:13-72
111        <!--
112            Service handling Google Sign-In user revocation. For apps that do not integrate with
113            Google Sign-In, this service will never be started.
114        -->
115        <service
115-->[com.google.android.gms:play-services-auth:18.0.0] AndroidManifest.xml:33:9-36:110
116            android:name="com.google.android.gms.auth.api.signin.RevocationBoundService"
116-->[com.google.android.gms:play-services-auth:18.0.0] AndroidManifest.xml:34:13-89
117            android:exported="true"
117-->[com.google.android.gms:play-services-auth:18.0.0] AndroidManifest.xml:35:13-36
118            android:permission="com.google.android.gms.auth.api.signin.permission.REVOCATION_NOTIFICATION" />
118-->[com.google.android.gms:play-services-auth:18.0.0] AndroidManifest.xml:36:13-107
119
120        <activity
120-->[com.google.android.gms:play-services-base:17.1.0] AndroidManifest.xml:23:9-26:75
121            android:name="com.google.android.gms.common.api.GoogleApiActivity"
121-->[com.google.android.gms:play-services-base:17.1.0] AndroidManifest.xml:24:13-79
122            android:exported="false"
122-->[com.google.android.gms:play-services-base:17.1.0] AndroidManifest.xml:25:13-37
123            android:theme="@android:style/Theme.Translucent.NoTitleBar" />
123-->[com.google.android.gms:play-services-base:17.1.0] AndroidManifest.xml:26:13-72
124
125        <meta-data
125-->[com.google.android.gms:play-services-basement:17.1.1] AndroidManifest.xml:23:9-25:69
126            android:name="com.google.android.gms.version"
126-->[com.google.android.gms:play-services-basement:17.1.1] AndroidManifest.xml:24:13-58
127            android:value="@integer/google_play_services_version" />
127-->[com.google.android.gms:play-services-basement:17.1.1] AndroidManifest.xml:25:13-66
128
129        <provider
129-->[androidx.lifecycle:lifecycle-process:2.2.0] AndroidManifest.xml:25:9-29:43
130            android:name="androidx.lifecycle.ProcessLifecycleOwnerInitializer"
130-->[androidx.lifecycle:lifecycle-process:2.2.0] AndroidManifest.xml:26:13-79
131            android:authorities="com.yrc.pos.lifecycle-process"
131-->[androidx.lifecycle:lifecycle-process:2.2.0] AndroidManifest.xml:27:13-69
132            android:exported="false"
132-->[androidx.lifecycle:lifecycle-process:2.2.0] AndroidManifest.xml:28:13-37
133            android:multiprocess="true" />
133-->[androidx.lifecycle:lifecycle-process:2.2.0] AndroidManifest.xml:29:13-40
134    </application>
135
136</manifest>